<?xml version="1.0" encoding="UTF-8" ?>
<testsuite tests="1" failures="0" name="ReconciliationResourceTest" time="2.565" errors="1" skipped="0">
  <properties>
[...]
</properties>
  <testcase classname="ReconciliationResourceTest" name="ReconciliationResourceTest" time="2.565">
    <error type="java.lang.NullPointerException">java.lang.NullPointerException
	at com.bendb.dropwizard.redis.JedisBundle.run(JedisBundle.java:26)
	at com.bendb.dropwizard.redis.JedisBundle.run(JedisBundle.java:12)
	at io.dropwizard.setup.Bootstrap.run(Bootstrap.java:183)
	at io.dropwizard.testing.DropwizardTestSupport$2.run(DropwizardTestSupport.java:123)
	at io.dropwizard.cli.EnvironmentCommand.run(EnvironmentCommand.java:41)
	at io.dropwizard.cli.ConfiguredCommand.run(ConfiguredCommand.java:76)
	at io.dropwizard.testing.DropwizardTestSupport.startIfRequired(DropwizardTestSupport.java:143)
	at io.dropwizard.testing.DropwizardTestSupport.before(DropwizardTestSupport.java:71)
	at io.dropwizard.testing.junit.DropwizardAppRule.before(DropwizardAppRule.java:66)
	at org.junit.rules.ExternalResource$1.evaluate(ExternalResource.java:46)
	at org.junit.rules.RunRules.evaluate(RunRules.java:20)
	at org.junit.runners.ParentRunner.run(ParentRunner.java:363)
	at org.apache.maven.surefire.junit4.JUnit4Provider.execute(JUnit4Provider.java:252)
	at org.apache.maven.surefire.junit4.JUnit4Provider.executeTestSet(JUnit4Provider.java:141)
	at org.apache.maven.surefire.junit4.JUnit4Provider.invoke(JUnit4Provider.java:112)
	at sun.reflect.NativeMethodAccessorImpl.invoke0(Native Method)
	at sun.reflect.NativeMethodAccessorImpl.invoke(NativeMethodAccessorImpl.java:62)
	at sun.reflect.DelegatingMethodAccessorImpl.invoke(DelegatingMethodAccessorImpl.java:43)
	at java.lang.reflect.Method.invoke(Method.java:497)
	at org.apache.maven.surefire.util.ReflectionUtils.invokeMethodWithArray(ReflectionUtils.java:189)
	at org.apache.maven.surefire.booter.ProviderFactory$ProviderProxy.invoke(ProviderFactory.java:165)
	at org.apache.maven.surefire.booter.ProviderFactory.invokeProvider(ProviderFactory.java:85)
	at org.apache.maven.surefire.booter.ForkedBooter.runSuitesInProcess(ForkedBooter.java:115)
	at org.apache.maven.surefire.booter.ForkedBooter.main(ForkedBooter.java:75)
</error>
    <system-out>INFO  [2015-12-03 08:03:07,339] org.eclipse.jetty.util.log: Logging initialized @2674ms
</system-out>
  </testcase>
</testsuite>